{
  "stats": {
    "suites": 0,
    "tests": 1,
    "passes": 1,
    "pending": 0,
    "failures": 0,
    "start": "2023-11-08T13:20:00.807Z",
    "end": "2023-11-08T13:20:30.299Z",
    "duration": 29492,
    "testsRegistered": 1,
    "passPercent": 100,
    "pendingPercent": 0,
    "other": 0,
    "hasOther": false,
    "skipped": 0,
    "hasSkipped": false
  },
  "results": [
    {
      "uuid": "e5d8ff55-a80a-4db2-a17c-427439d07023",
      "title": "",
      "fullFile": "cypress/integration/first.js",
      "file": "cypress/integration/first.js",
      "beforeHooks": [],
      "afterHooks": [],
      "tests": [
        {
          "title": "google-test",
          "fullTitle": "google-test",
          "timedOut": null,
          "duration": 25127,
          "state": "passed",
          "speed": "slow",
          "pass": true,
          "fail": false,
          "pending": false,
          "context": null,
          "code": "cy.visit('https://opensource-demo.orangehrmlive.com/web/index.php/auth/login', {\n  timeout: 600000\n});\ncy.get(':nth-child(2) > .oxd-input-group > :nth-child(2) > .oxd-input').type('Admin');\ncy.get(':nth-child(3) > .oxd-input-group > :nth-child(2) > .oxd-input').type('admin123');\ncy.get('.oxd-button').click();\ncy.get(':nth-child(1) > .oxd-main-menu-item > .oxd-text').click();",
          "err": {},
          "uuid": "5cf0cabe-89fe-459e-b628-232163a2101a",
          "parentUUID": "e5d8ff55-a80a-4db2-a17c-427439d07023",
          "isHook": false,
          "skipped": false
        }
      ],
      "suites": [],
      "passes": [
        "5cf0cabe-89fe-459e-b628-232163a2101a"
      ],
      "failures": [],
      "pending": [],
      "skipped": [],
      "duration": 25127,
      "root": true,
      "rootEmpty": false,
      "_timeout": 2000
    }
  ],
  "meta": {
    "mocha": {
      "version": "7.0.1"
    },
    "mochawesome": {
      "options": {
        "quiet": false,
        "reportFilename": "mochawesome",
        "saveHtml": false,
        "saveJson": true,
        "consoleReporter": "spec",
        "useInlineDiffs": false,
        "code": true
      },
      "version": "6.2.2"
    },
    "marge": {
      "options": {
        "reportDir": "cypress/reports/mochawesome",
        "overwrite": false,
        "html": false,
        "json": true
      },
      "version": "5.2.0"
    }
  }
}