{
  "stats": {
    "suites": 0,
    "tests": 1,
    "passes": 1,
    "pending": 0,
    "failures": 0,
    "start": "2023-11-08T10:41:19.630Z",
    "end": "2023-11-08T10:41:29.511Z",
    "duration": 9881,
    "testsRegistered": 1,
    "passPercent": 100,
    "pendingPercent": 0,
    "other": 0,
    "hasOther": false,
    "skipped": 0,
    "hasSkipped": false
  },
  "results": [
    {
      "uuid": "3c6ffa53-ef7d-4610-b43e-57bf4df50b33",
      "title": "",
      "fullFile": "cypress/integration/first.js",
      "file": "cypress/integration/first.js",
      "beforeHooks": [],
      "afterHooks": [],
      "tests": [
        {
          "title": "google-test",
          "fullTitle": "google-test",
          "timedOut": null,
          "duration": 7109,
          "state": "passed",
          "speed": "slow",
          "pass": true,
          "fail": false,
          "pending": false,
          "context": null,
          "code": "cy.visit('https://opensource-demo.orangehrmlive.com/web/index.php/auth/login', {\n  timeout: 600000\n});\ncy.get(':nth-child(2) > .oxd-input-group > :nth-child(2) > .oxd-input').type('Admin');\ncy.get(':nth-child(3) > .oxd-input-group > :nth-child(2) > .oxd-input').type('admin123');\ncy.get('.oxd-button').click();\ncy.get(':nth-child(1) > .oxd-main-menu-item > .oxd-text').click();",
          "err": {},
          "uuid": "9e41d89b-3270-4bda-b7c8-0b20bf944e2f",
          "parentUUID": "3c6ffa53-ef7d-4610-b43e-57bf4df50b33",
          "isHook": false,
          "skipped": false
        }
      ],
      "suites": [],
      "passes": [
        "9e41d89b-3270-4bda-b7c8-0b20bf944e2f"
      ],
      "failures": [],
      "pending": [],
      "skipped": [],
      "duration": 7109,
      "root": true,
      "rootEmpty": false,
      "_timeout": 2000
    }
  ],
  "meta": {
    "mocha": {
      "version": "7.0.1"
    },
    "mochawesome": {
      "options": {
        "quiet": false,
        "reportFilename": "mochawesome",
        "saveHtml": false,
        "saveJson": true,
        "consoleReporter": "spec",
        "useInlineDiffs": false,
        "code": true
      },
      "version": "6.2.2"
    },
    "marge": {
      "options": {
        "reportDir": "cypress/reports/mochawesome",
        "overwrite": false,
        "html": false,
        "json": true
      },
      "version": "5.2.0"
    }
  }
}