{
  "stats": {
    "suites": 0,
    "tests": 1,
    "passes": 0,
    "pending": 0,
    "failures": 1,
    "start": "2023-11-08T10:33:51.127Z",
    "end": "2023-11-08T10:34:08.077Z",
    "duration": 16950,
    "testsRegistered": 1,
    "passPercent": 0,
    "pendingPercent": 0,
    "other": 0,
    "hasOther": false,
    "skipped": 0,
    "hasSkipped": false
  },
  "results": [
    {
      "uuid": "b0d40dc0-b9ef-49a5-a021-df97a9e39d98",
      "title": "",
      "fullFile": "cypress/integration/first.js",
      "file": "cypress/integration/first.js",
      "beforeHooks": [],
      "afterHooks": [],
      "tests": [
        {
          "title": "google-test",
          "fullTitle": "google-test",
          "timedOut": null,
          "duration": 13994,
          "state": "failed",
          "speed": null,
          "pass": false,
          "fail": true,
          "pending": false,
          "context": null,
          "code": "cy.visit('https://opensource-demo.orangehrmlive.com/web/index.php/auth/login', {\n  timeout: 600000\n});\ncy.get(':nth-child(2) > .oxd-input-group > :nth-child(2) > .oxd-input').type('Admin');\ncy.get(':nth-child(3) > .oxd-input-group > :nth-child(2) > .oxd-input').type('admin1234');\ncy.get('.oxd-button').click();\ncy.get(':nth-child(1) > .oxd-main-menu-item > .oxd-text').click();",
          "err": {
            "message": "AssertionError: Timed out retrying after 4000ms: Expected to find element: `:nth-child(1) > .oxd-main-menu-item > .oxd-text`, but never found it.",
            "estack": "AssertionError: Timed out retrying after 4000ms: Expected to find element: `:nth-child(1) > .oxd-main-menu-item > .oxd-text`, but never found it.\n    at Context.eval (https://opensource-demo.orangehrmlive.com/__cypress/tests?p=cypress/integration/first.js:107:6)",
            "diff": null
          },
          "uuid": "ad3bd82a-88b1-4fe2-b4b4-26f642852b30",
          "parentUUID": "b0d40dc0-b9ef-49a5-a021-df97a9e39d98",
          "isHook": false,
          "skipped": false
        }
      ],
      "suites": [],
      "passes": [],
      "failures": [
        "ad3bd82a-88b1-4fe2-b4b4-26f642852b30"
      ],
      "pending": [],
      "skipped": [],
      "duration": 13994,
      "root": true,
      "rootEmpty": false,
      "_timeout": 2000
    }
  ],
  "meta": {
    "mocha": {
      "version": "7.0.1"
    },
    "mochawesome": {
      "options": {
        "quiet": false,
        "reportFilename": "mochawesome",
        "saveHtml": false,
        "saveJson": true,
        "consoleReporter": "spec",
        "useInlineDiffs": false,
        "code": true
      },
      "version": "6.2.2"
    },
    "marge": {
      "options": {
        "reportDir": "cypress/reports/mochawesome",
        "overwrite": false,
        "html": false,
        "json": true
      },
      "version": "5.2.0"
    }
  }
}